The following model/training parameters were used for this run: 

val_prop =  0.1
batch_size =  500
mixup_alpha =  1
mix_size =  2
lr =  0.001
epochs =  100
num_runs =  1
n_bins =  15
-------------------------------------------------

Mixup model results: 
Last Train Error: 5.2422
Last Test Error: 24.1800
-------------------------------------------------

Average ACE: 0.1026	 1 std: 0.0000
Average ECE: 0.0681	 1 std: 0.0000
Average MCE: 0.2226	 1 std: 0.0000
Average NLL: 0.8157	 1 std: 0.0000
-------------------------------------------------

Average Post-TS ACE: 0.1045	 1 std: 0.0000
Average Post-TS ECE: 0.0655	 1 std: 0.0000
Average Post-TS MCE: 0.2201	 1 std: 0.0000
Average Post-TS NLL: 0.8152	 1 std: 0.0000
-------------------------------------------------

ERM model results: 
Last Train Error: 0.4867
Last Test Error: 27.2000
-------------------------------------------------

Average ACE: 0.2493	 1 std: 0.0000
Average ECE: 0.2156	 1 std: 0.0000
Average MCE: 0.4477	 1 std: 0.0000
Average NLL: 1.7690	 1 std: 0.0000
-------------------------------------------------

Average Post-TS ACE: 0.2380	 1 std: 0.0000
Average Post-TS ECE: 0.2090	 1 std: 0.0000
Average Post-TS MCE: 0.4542	 1 std: 0.0000
Average Post-TS NLL: 1.6183	 1 std: 0.0000
-------------------------------------------------

