The following model/training parameters were used for this run: 

val_prop =  0.1
batch_size =  500
mixup_alpha =  1
mix_size =  2
lr =  0.001
epochs =  100
num_runs =  1
n_bins =  15
-------------------------------------------------

Mixup model results: 
Last Train Error: 0.0911
Last Test Error: 59.8400
-------------------------------------------------

Average ACE: 0.0795	 1 std: 0.0000
Average ECE: 0.0412	 1 std: 0.0000
Average MCE: 0.4509	 1 std: 0.0000
Average NLL: 2.6885	 1 std: 0.0000
-------------------------------------------------

Average Post-TS ACE: 0.0825	 1 std: 0.0000
Average Post-TS ECE: 0.0436	 1 std: 0.0000
Average Post-TS MCE: 0.4497	 1 std: 0.0000
Average Post-TS NLL: 2.6896	 1 std: 0.0000
-------------------------------------------------

ERM model results: 
Last Train Error: 0.0356
Last Test Error: 62.7500
-------------------------------------------------

Average ACE: 0.3595	 1 std: 0.0000
Average ECE: 0.4250	 1 std: 0.0000
Average MCE: 0.5931	 1 std: 0.0000
Average NLL: 5.0692	 1 std: 0.0000
-------------------------------------------------

Average Post-TS ACE: 0.3538	 1 std: 0.0000
Average Post-TS ECE: 0.4035	 1 std: 0.0000
Average Post-TS MCE: 0.5768	 1 std: 0.0000
Average Post-TS NLL: 4.6593	 1 std: 0.0000
-------------------------------------------------

