The following model/training parameters were used for this run: 

val_prop =  0.1
batch_size =  500
mixup_alpha =  1
mix_size =  2
lr =  0.001
epochs =  100
num_runs =  1
n_bins =  15
-------------------------------------------------

Mixup model results: 
Last Train Error: 0.7044
Last Test Error: 60.1200
-------------------------------------------------

Average ACE: 0.0758	 1 std: 0.0000
Average ECE: 0.0610	 1 std: 0.0000
Average MCE: 0.1664	 1 std: 0.0000
Average NLL: 2.6910	 1 std: 0.0000
-------------------------------------------------

Average Post-TS ACE: 0.0739	 1 std: 0.0000
Average Post-TS ECE: 0.0595	 1 std: 0.0000
Average Post-TS MCE: 0.1661	 1 std: 0.0000
Average Post-TS NLL: 2.6891	 1 std: 0.0000
-------------------------------------------------

ERM model results: 
Last Train Error: 0.4511
Last Test Error: 64.7200
-------------------------------------------------

Average ACE: 0.3602	 1 std: 0.0000
Average ECE: 0.4340	 1 std: 0.0000
Average MCE: 0.6337	 1 std: 0.0000
Average NLL: 5.4372	 1 std: 0.0000
-------------------------------------------------

Average Post-TS ACE: 0.3498	 1 std: 0.0000
Average Post-TS ECE: 0.4116	 1 std: 0.0000
Average Post-TS MCE: 0.6214	 1 std: 0.0000
Average Post-TS NLL: 4.9980	 1 std: 0.0000
-------------------------------------------------

