The following model/training parameters were used for this run: 

val_prop =  0.1
batch_size =  500
mixup_alpha =  1
mix_size =  2
lr =  0.001
epochs =  100
num_runs =  1
n_bins =  15
-------------------------------------------------

Mixup model results: 
Last Train Error: 4.2044
Last Test Error: 32.0200
-------------------------------------------------

Average ACE: 0.0443	 1 std: 0.0000
Average ECE: 0.0257	 1 std: 0.0000
Average MCE: 0.1913	 1 std: 0.0000
Average NLL: 1.0548	 1 std: 0.0000
-------------------------------------------------

Average Post-TS ACE: 0.0441	 1 std: 0.0000
Average Post-TS ECE: 0.0245	 1 std: 0.0000
Average Post-TS MCE: 0.1893	 1 std: 0.0000
Average Post-TS NLL: 1.0548	 1 std: 0.0000
-------------------------------------------------

ERM model results: 
Last Train Error: 1.9889
Last Test Error: 47.0400
-------------------------------------------------

Average ACE: 0.3071	 1 std: 0.0000
Average ECE: 0.3698	 1 std: 0.0000
Average MCE: 0.5196	 1 std: 0.0000
Average NLL: 3.1586	 1 std: 0.0000
-------------------------------------------------

Average Post-TS ACE: 0.2973	 1 std: 0.0000
Average Post-TS ECE: 0.3582	 1 std: 0.0000
Average Post-TS MCE: 0.4788	 1 std: 0.0000
Average Post-TS NLL: 2.8871	 1 std: 0.0000
-------------------------------------------------

