The following model/training parameters were used for this run: 

val_prop =  0.1
batch_size =  500
mixup_alpha =  1
mix_size =  2
lr =  0.001
epochs =  100
num_runs =  1
n_bins =  15
-------------------------------------------------

Mixup model results: 
Last Train Error: 5.9756
Last Test Error: 38.7700
-------------------------------------------------

Average ACE: 0.0887	 1 std: 0.0000
Average ECE: 0.0986	 1 std: 0.0000
Average MCE: 0.1788	 1 std: 0.0000
Average NLL: 1.2654	 1 std: 0.0000
-------------------------------------------------

Average Post-TS ACE: 0.0796	 1 std: 0.0000
Average Post-TS ECE: 0.0807	 1 std: 0.0000
Average Post-TS MCE: 0.1937	 1 std: 0.0000
Average Post-TS NLL: 1.2576	 1 std: 0.0000
-------------------------------------------------

ERM model results: 
Last Train Error: 2.3711
Last Test Error: 52.3300
-------------------------------------------------

Average ACE: 0.3310	 1 std: 0.0000
Average ECE: 0.4060	 1 std: 0.0000
Average MCE: 0.5218	 1 std: 0.0000
Average NLL: 3.5939	 1 std: 0.0000
-------------------------------------------------

Average Post-TS ACE: 0.3185	 1 std: 0.0000
Average Post-TS ECE: 0.3923	 1 std: 0.0000
Average Post-TS MCE: 0.4931	 1 std: 0.0000
Average Post-TS NLL: 3.2762	 1 std: 0.0000
-------------------------------------------------

