The following model/training parameters were used for this run: 

val_prop =  0.1
batch_size =  500
mixup_alpha =  1
mix_size =  2
lr =  0.001
epochs =  100
num_runs =  1
n_bins =  15
-------------------------------------------------

Mixup model results: 
Last Train Error: 1.0756
Last Test Error: 25.4400
-------------------------------------------------

Average ACE: 0.1484	 1 std: 0.0000
Average ECE: 0.1278	 1 std: 0.0000
Average MCE: 0.2908	 1 std: 0.0000
Average NLL: 0.9788	 1 std: 0.0000
-------------------------------------------------

Average Post-TS ACE: 0.1454	 1 std: 0.0000
Average Post-TS ECE: 0.1165	 1 std: 0.0000
Average Post-TS MCE: 0.2887	 1 std: 0.0000
Average Post-TS NLL: 0.9598	 1 std: 0.0000
-------------------------------------------------

ERM model results: 
Last Train Error: 1.4022
Last Test Error: 41.5200
-------------------------------------------------

Average ACE: 0.3039	 1 std: 0.0000
Average ECE: 0.3344	 1 std: 0.0000
Average MCE: 0.5110	 1 std: 0.0000
Average NLL: 2.8943	 1 std: 0.0000
-------------------------------------------------

Average Post-TS ACE: 0.3036	 1 std: 0.0000
Average Post-TS ECE: 0.3241	 1 std: 0.0000
Average Post-TS MCE: 0.5030	 1 std: 0.0000
Average Post-TS NLL: 2.6435	 1 std: 0.0000
-------------------------------------------------

