The following model/training parameters were used for this run: 

val_prop =  0.1
batch_size =  500
mixup_alpha =  1
mix_size =  2
lr =  0.001
epochs =  100
num_runs =  1
n_bins =  15
-------------------------------------------------

Mixup model results: 
Last Train Error: 0.0978
Last Test Error: 26.7600
-------------------------------------------------

Average ACE: 0.1286	 1 std: 0.0000
Average ECE: 0.0872	 1 std: 0.0000
Average MCE: 0.3029	 1 std: 0.0000
Average NLL: 0.9710	 1 std: 0.0000
-------------------------------------------------

Average Post-TS ACE: 0.1179	 1 std: 0.0000
Average Post-TS ECE: 0.0717	 1 std: 0.0000
Average Post-TS MCE: 0.3064	 1 std: 0.0000
Average Post-TS NLL: 0.9640	 1 std: 0.0000
-------------------------------------------------

ERM model results: 
Last Train Error: 0.0244
Last Test Error: 28.7300
-------------------------------------------------

Average ACE: 0.2619	 1 std: 0.0000
Average ECE: 0.2326	 1 std: 0.0000
Average MCE: 0.4259	 1 std: 0.0000
Average NLL: 2.1304	 1 std: 0.0000
-------------------------------------------------

Average Post-TS ACE: 0.2645	 1 std: 0.0000
Average Post-TS ECE: 0.2260	 1 std: 0.0000
Average Post-TS MCE: 0.3948	 1 std: 0.0000
Average Post-TS NLL: 1.9417	 1 std: 0.0000
-------------------------------------------------

