The following model/training parameters were used for this run: 

val_prop =  0.1
batch_size =  500
mixup_alpha =  1
mix_size =  2
lr =  0.001
epochs =  100
num_runs =  1
n_bins =  15
-------------------------------------------------

Mixup model results: 
Last Train Error: 0.0444
Last Test Error: 20.3200
-------------------------------------------------

Average ACE: 0.1402	 1 std: 0.0000
Average ECE: 0.0779	 1 std: 0.0000
Average MCE: 0.2739	 1 std: 0.0000
Average NLL: 0.7642	 1 std: 0.0000
-------------------------------------------------

Average Post-TS ACE: 0.1297	 1 std: 0.0000
Average Post-TS ECE: 0.0704	 1 std: 0.0000
Average Post-TS MCE: 0.2440	 1 std: 0.0000
Average Post-TS NLL: 0.7592	 1 std: 0.0000
-------------------------------------------------

ERM model results: 
Last Train Error: 1.2578
Last Test Error: 25.0500
-------------------------------------------------

Average ACE: 0.2568	 1 std: 0.0000
Average ECE: 0.2010	 1 std: 0.0000
Average MCE: 0.4135	 1 std: 0.0000
Average NLL: 1.7695	 1 std: 0.0000
-------------------------------------------------

Average Post-TS ACE: 0.2449	 1 std: 0.0000
Average Post-TS ECE: 0.1951	 1 std: 0.0000
Average Post-TS MCE: 0.4144	 1 std: 0.0000
Average Post-TS NLL: 1.6166	 1 std: 0.0000
-------------------------------------------------

