The following model/training parameters were used for this run: 

val_prop =  0.1
batch_size =  500
mixup_alpha =  1
mix_size =  2
lr =  0.001
epochs =  100
num_runs =  1
n_bins =  15
-------------------------------------------------

Mixup model results: 
Last Train Error: 0.6022
Last Test Error: 63.7700
-------------------------------------------------

Average ACE: 0.1063	 1 std: 0.0000
Average ECE: 0.0565	 1 std: 0.0000
Average MCE: 0.5618	 1 std: 0.0000
Average NLL: 2.8432	 1 std: 0.0000
-------------------------------------------------

Average Post-TS ACE: 0.1071	 1 std: 0.0000
Average Post-TS ECE: 0.0563	 1 std: 0.0000
Average Post-TS MCE: 0.5625	 1 std: 0.0000
Average Post-TS NLL: 2.8428	 1 std: 0.0000
-------------------------------------------------

ERM model results: 
Last Train Error: 0.1867
Last Test Error: 66.3800
-------------------------------------------------

Average ACE: 0.3784	 1 std: 0.0000
Average ECE: 0.4243	 1 std: 0.0000
Average MCE: 0.5844	 1 std: 0.0000
Average NLL: 5.1266	 1 std: 0.0000
-------------------------------------------------

Average Post-TS ACE: 0.3633	 1 std: 0.0000
Average Post-TS ECE: 0.4001	 1 std: 0.0000
Average Post-TS MCE: 0.5564	 1 std: 0.0000
Average Post-TS NLL: 4.7293	 1 std: 0.0000
-------------------------------------------------

