The following model/training parameters were used for this run: 

val_prop =  0.1
batch_size =  500
mixup_alpha =  1
mix_size =  2
lr =  0.001
epochs =  100
num_runs =  1
n_bins =  15
-------------------------------------------------

Mixup model results: 
Last Train Error: 0.1911
Last Test Error: 53.9100
-------------------------------------------------

Average ACE: 0.1020	 1 std: 0.0000
Average ECE: 0.0936	 1 std: 0.0000
Average MCE: 0.2149	 1 std: 0.0000
Average NLL: 2.4135	 1 std: 0.0000
-------------------------------------------------

Average Post-TS ACE: 0.0839	 1 std: 0.0000
Average Post-TS ECE: 0.0776	 1 std: 0.0000
Average Post-TS MCE: 0.1801	 1 std: 0.0000
Average Post-TS NLL: 2.4004	 1 std: 0.0000
-------------------------------------------------

ERM model results: 
Last Train Error: 0.1800
Last Test Error: 58.5600
-------------------------------------------------

Average ACE: 0.3679	 1 std: 0.0000
Average ECE: 0.4109	 1 std: 0.0000
Average MCE: 0.6095	 1 std: 0.0000
Average NLL: 4.9558	 1 std: 0.0000
-------------------------------------------------

Average Post-TS ACE: 0.3602	 1 std: 0.0000
Average Post-TS ECE: 0.3926	 1 std: 0.0000
Average Post-TS MCE: 0.6150	 1 std: 0.0000
Average Post-TS NLL: 4.5456	 1 std: 0.0000
-------------------------------------------------

