The following model/training parameters were used for this run: 

val_prop =  0.1
batch_size =  500
mixup_alpha =  1
mix_size =  2
lr =  0.001
epochs =  100
num_runs =  1
n_bins =  15
-------------------------------------------------

Mixup model results: 
Last Train Error: 2.1733
Last Test Error: 37.3000
-------------------------------------------------

Average ACE: 0.0551	 1 std: 0.0000
Average ECE: 0.0406	 1 std: 0.0000
Average MCE: 0.1883	 1 std: 0.0000
Average NLL: 1.1438	 1 std: 0.0000
-------------------------------------------------

Average Post-TS ACE: 0.0552	 1 std: 0.0000
Average Post-TS ECE: 0.0429	 1 std: 0.0000
Average Post-TS MCE: 0.1866	 1 std: 0.0000
Average Post-TS NLL: 1.1465	 1 std: 0.0000
-------------------------------------------------

ERM model results: 
Last Train Error: 0.3489
Last Test Error: 39.5800
-------------------------------------------------

Average ACE: 0.3346	 1 std: 0.0000
Average ECE: 0.3130	 1 std: 0.0000
Average MCE: 0.7365	 1 std: 0.0000
Average NLL: 2.9366	 1 std: 0.0000
-------------------------------------------------

Average Post-TS ACE: 0.3289	 1 std: 0.0000
Average Post-TS ECE: 0.3037	 1 std: 0.0000
Average Post-TS MCE: 0.7470	 1 std: 0.0000
Average Post-TS NLL: 2.6770	 1 std: 0.0000
-------------------------------------------------

