The following model/training parameters were used for this run: 

val_prop =  0.1
batch_size =  500
mixup_alpha =  1
mix_size =  2
lr =  0.001
epochs =  100
num_runs =  1
n_bins =  15
-------------------------------------------------

Mixup model results: 
Last Train Error: 18.1800
Last Test Error: 66.4800
-------------------------------------------------

Average ACE: 0.0804	 1 std: 0.0000
Average ECE: 0.0594	 1 std: 0.0000
Average MCE: 0.2155	 1 std: 0.0000
Average NLL: 2.9466	 1 std: 0.0000
-------------------------------------------------

Average Post-TS ACE: 0.0637	 1 std: 0.0000
Average Post-TS ECE: 0.0419	 1 std: 0.0000
Average Post-TS MCE: 0.2005	 1 std: 0.0000
Average Post-TS NLL: 2.9410	 1 std: 0.0000
-------------------------------------------------

ERM model results: 
Last Train Error: 3.7844
Last Test Error: 79.3400
-------------------------------------------------

Average ACE: 0.4337	 1 std: 0.0000
Average ECE: 0.5480	 1 std: 0.0000
Average MCE: 0.6959	 1 std: 0.0000
Average NLL: 8.0940	 1 std: 0.0000
-------------------------------------------------

Average Post-TS ACE: 0.4138	 1 std: 0.0000
Average Post-TS ECE: 0.5243	 1 std: 0.0000
Average Post-TS MCE: 0.6784	 1 std: 0.0000
Average Post-TS NLL: 7.3923	 1 std: 0.0000
-------------------------------------------------

