The following model/training parameters were used for this run: 

val_prop =  0.1
batch_size =  500
mixup_alpha =  1
mix_size =  2
lr =  0.001
epochs =  100
num_runs =  1
n_bins =  15
-------------------------------------------------

Mixup model results: 
Last Train Error: 13.3422
Last Test Error: 62.4900
-------------------------------------------------

Average ACE: 0.0954	 1 std: 0.0000
Average ECE: 0.0896	 1 std: 0.0000
Average MCE: 0.1530	 1 std: 0.0000
Average NLL: 2.7792	 1 std: 0.0000
-------------------------------------------------

Average Post-TS ACE: 0.0980	 1 std: 0.0000
Average Post-TS ECE: 0.0674	 1 std: 0.0000
Average Post-TS MCE: 0.3675	 1 std: 0.0000
Average Post-TS NLL: 2.7694	 1 std: 0.0000
-------------------------------------------------

ERM model results: 
Last Train Error: 3.3778
Last Test Error: 78.6200
-------------------------------------------------

Average ACE: 0.4309	 1 std: 0.0000
Average ECE: 0.5488	 1 std: 0.0000
Average MCE: 0.7166	 1 std: 0.0000
Average NLL: 7.9917	 1 std: 0.0000
-------------------------------------------------

Average Post-TS ACE: 0.4314	 1 std: 0.0000
Average Post-TS ECE: 0.5276	 1 std: 0.0000
Average Post-TS MCE: 0.6867	 1 std: 0.0000
Average Post-TS NLL: 7.3107	 1 std: 0.0000
-------------------------------------------------

