The following model/training parameters were used for this run: 

val_prop =  0.1
batch_size =  500
mixup_alpha =  1
mix_size =  2
lr =  0.001
epochs =  100
num_runs =  1
n_bins =  15
-------------------------------------------------

Mixup model results: 
Last Train Error: 0.1756
Last Test Error: 33.8900
-------------------------------------------------

Average ACE: 0.1048	 1 std: 0.0000
Average ECE: 0.0374	 1 std: 0.0000
Average MCE: 0.4490	 1 std: 0.0000
Average NLL: 1.1638	 1 std: 0.0000
-------------------------------------------------

Average Post-TS ACE: 0.1154	 1 std: 0.0000
Average Post-TS ECE: 0.0364	 1 std: 0.0000
Average Post-TS MCE: 0.4420	 1 std: 0.0000
Average Post-TS NLL: 1.1645	 1 std: 0.0000
-------------------------------------------------

ERM model results: 
Last Train Error: 0.0311
Last Test Error: 35.3600
-------------------------------------------------

Average ACE: 0.3070	 1 std: 0.0000
Average ECE: 0.2938	 1 std: 0.0000
Average MCE: 0.4643	 1 std: 0.0000
Average NLL: 2.7914	 1 std: 0.0000
-------------------------------------------------

Average Post-TS ACE: 0.3016	 1 std: 0.0000
Average Post-TS ECE: 0.2864	 1 std: 0.0000
Average Post-TS MCE: 0.4659	 1 std: 0.0000
Average Post-TS NLL: 2.5392	 1 std: 0.0000
-------------------------------------------------

