The following model/training parameters were used for this run: 

val_prop =  0.1
batch_size =  500
mixup_alpha =  1
mix_size =  2
lr =  0.001
epochs =  100
num_runs =  1
n_bins =  15
-------------------------------------------------

Mixup model results: 
Last Train Error: 2.6911
Last Test Error: 30.5600
-------------------------------------------------

Average ACE: 0.0755	 1 std: 0.0000
Average ECE: 0.0557	 1 std: 0.0000
Average MCE: 0.1977	 1 std: 0.0000
Average NLL: 0.9813	 1 std: 0.0000
-------------------------------------------------

Average Post-TS ACE: 0.0681	 1 std: 0.0000
Average Post-TS ECE: 0.0505	 1 std: 0.0000
Average Post-TS MCE: 0.1954	 1 std: 0.0000
Average Post-TS NLL: 0.9804	 1 std: 0.0000
-------------------------------------------------

ERM model results: 
Last Train Error: 0.9444
Last Test Error: 32.5400
-------------------------------------------------

Average ACE: 0.2907	 1 std: 0.0000
Average ECE: 0.2569	 1 std: 0.0000
Average MCE: 0.7377	 1 std: 0.0000
Average NLL: 2.1834	 1 std: 0.0000
-------------------------------------------------

Average Post-TS ACE: 0.2886	 1 std: 0.0000
Average Post-TS ECE: 0.2489	 1 std: 0.0000
Average Post-TS MCE: 0.7455	 1 std: 0.0000
Average Post-TS NLL: 1.9947	 1 std: 0.0000
-------------------------------------------------

